<!DOCTYPE html PUBLIC "-//W3C//DTD XHTML 1.1//EN" "https://www.w3.org/TR/xhtml11/DTD/xhtml11.dtd">
<html xmlns="https://www.w3.org/1999/xhtml">
<head>
<meta http-equiv="content-type" content="text/html; charset=UTF-8"/>
<title>TestNG Report</title>
<style type="text/css">table {margin-bottom:10px;border-collapse:collapse;empty-cells:show}th,td {border:1px solid #009;padding:.25em .5em}th {vertical-align:bottom}td {vertical-align:top}table a {font-weight:bold}.stripe td {background-color: #E6EBF9}.num {text-align:right}.passedodd td {background-color: #3F3}.passedeven td {background-color: #0A0}.skippedodd td {background-color: #DDD}.skippedeven td {background-color: #CCC}.failedodd td,.attn {background-color: #F33}.failedeven td,.stripe .attn {background-color: #D00}.stacktrace {white-space:pre;font-family:monospace}.totop {font-size:85%;text-align:center;border-bottom:2px solid #000}.invisible {display:none}</style>
</head>
<body>
<table>
<tr><th>Test</th><th># Passed</th><th># Skipped</th><th># Retried</th><th># Failed</th><th>Time (ms)</th><th>Included Groups</th><th>Excluded Groups</th></tr>
<tr><th colspan="8">All Test Suite</th></tr>
<tr><td><a href="#t0">/Users/mlungisimbele/Documents/GitHub/waslah.web</a></td><td class="num">20</td><td class="num">0</td><td class="num">0</td><td class="num attn">2</td><td class="num">270,699</td><td></td><td></td></tr>
</table>
<table id='summary'><thead><tr><th>Class</th><th>Method</th><th>Start</th><th>Time (ms)</th></tr></thead><tbody><tr><th colspan="4">All Test Suite</th></tr></tbody><tbody id="t0"><tr><th colspan="4">/Users/mlungisimbele/Documents/GitHub/waslah.web &#8212; failed</th></tr><tr class="failedeven"><td rowspan="2">tests.merchant_tests</td><td><a href="#m0">CalculateCourierPriceAndSelectFedex</a></td><td rowspan="1">1738078822516</td><td rowspan="1">3888</td></tr><tr class="failedeven"><td><a href="#m1">WalletMandatoryFieldTest</a></td><td rowspan="1">1738078909242</td><td rowspan="1">3593</td></tr><tr><th colspan="4">/Users/mlungisimbele/Documents/GitHub/waslah.web &#8212; passed</th></tr><tr class="passedeven"><td rowspan="12">tests.login_tests</td><td><a href="#m2">InvalidEmail</a></td><td rowspan="1">1738078802899</td><td rowspan="1">588</td></tr><tr class="passedeven"><td><a href="#m3">Logout</a></td><td rowspan="1">1738078809562</td><td rowspan="1">6715</td></tr><tr class="passedeven"><td><a href="#m4">ResetPassword</a></td><td rowspan="1">1738078788627</td><td rowspan="1">1452</td></tr><tr class="passedeven"><td><a href="#m5">forgotPasswordSuccessfully</a></td><td rowspan="1">1738078796379</td><td rowspan="1">741</td></tr><tr class="passedeven"><td><a href="#m6">loginSuccessfullyTest</a></td><td rowspan="1">1738078723344</td><td rowspan="1">2991</td></tr><tr class="passedeven"><td><a href="#m7">loginUnsuccessfullyTest1</a></td><td rowspan="1">1738078733535</td><td rowspan="1">1472</td></tr><tr class="passedeven"><td><a href="#m8">loginUnsuccessfullyTest2</a></td><td rowspan="1">1738078742620</td><td rowspan="1">2285</td></tr><tr class="passedeven"><td><a href="#m9">loginUnsuccessfullyTest3</a></td><td rowspan="1">1738078751227</td><td rowspan="1">2367</td></tr><tr class="passedeven"><td><a href="#m10">loginUnsuccessfullyTest4</a></td><td rowspan="1">1738078759475</td><td rowspan="1">1066</td></tr><tr class="passedeven"><td><a href="#m11">loginUnsuccessfullyTest5</a></td><td rowspan="1">1738078767014</td><td rowspan="1">1189</td></tr><tr class="passedeven"><td><a href="#m12">loginUnsuccessfullyTest6</a></td><td rowspan="1">1738078774283</td><td rowspan="1">780</td></tr><tr class="passedeven"><td><a href="#m13">loginUnsuccessfullyTest7</a></td><td rowspan="1">1738078780779</td><td rowspan="1">1163</td></tr><tr class="passedodd"><td rowspan="8">tests.merchant_tests</td><td><a href="#m14">CalculateCourierPricewithExceedingWeight</a></td><td rowspan="1">1738078836979</td><td rowspan="1">8052</td></tr><tr class="passedodd"><td><a href="#m15">CompleteWalletTopup</a></td><td rowspan="1">1738078850887</td><td rowspan="1">7297</td></tr><tr class="passedodd"><td><a href="#m16">CreateDomesticShipment</a></td><td rowspan="1">1738078942547</td><td rowspan="1">43946</td></tr><tr class="passedodd"><td><a href="#m17">POSRefundButton</a></td><td rowspan="1">1738078864089</td><td rowspan="1">10373</td></tr><tr class="passedodd"><td><a href="#m18">POSRefundButtonDisableCase1</a></td><td rowspan="1">1738078880552</td><td rowspan="1">7012</td></tr><tr class="passedodd"><td><a href="#m19">POSRefundButtonDisableCase2</a></td><td rowspan="1">1738078894146</td><td rowspan="1">9322</td></tr><tr class="passedodd"><td><a href="#m20">SignUpCompany</a></td><td rowspan="1">1738078918566</td><td rowspan="1">6807</td></tr><tr class="passedodd"><td><a href="#m21">SignUpIndividual</a></td><td rowspan="1">1738078931251</td><td rowspan="1">5360</td></tr></tbody>
</table>
<h2>/Users/mlungisimbele/Documents/GitHub/waslah.web</h2><h3 id="m0">tests.merchant_tests#CalculateCourierPriceAndSelectFedex</h3><table class="result"><tr><th>Exception</th></tr><tr><td><div class="stacktrace">java.lang.AssertionError: Courier selection could not be done for FedEx - test failed
	at org.testng.Assert.fail(Assert.java:110)
	at teststeps.merchant_actions.SelectCourierFromCourierPage(merchant_actions.java:676)
	at tests.merchant_tests.CalculateCourierPriceAndSelectFedex(merchant_tests.java:110)
	at java.base/jdk.internal.reflect.DirectMethodHandleAccessor.invoke(DirectMethodHandleAccessor.java:103)
	at java.base/java.lang.reflect.Method.invoke(Method.java:580)
	at org.testng.internal.invokers.MethodInvocationHelper.invokeMethod(MethodInvocationHelper.java:135)
	at org.testng.internal.invokers.TestInvoker.invokeMethod(TestInvoker.java:673)
	at org.testng.internal.invokers.TestInvoker.invokeTestMethod(TestInvoker.java:220)
	at org.testng.internal.invokers.MethodRunner.runInSequence(MethodRunner.java:50)
	at org.testng.internal.invokers.TestInvoker$MethodInvocationAgent.invoke(TestInvoker.java:945)
	at org.testng.internal.invokers.TestInvoker.invokeTestMethods(TestInvoker.java:193)
	at org.testng.internal.invokers.TestMethodWorker.invokeTestMethods(TestMethodWorker.java:146)
	at org.testng.internal.invokers.TestMethodWorker.run(TestMethodWorker.java:128)
	at java.base/java.util.ArrayList.forEach(ArrayList.java:1597)
	at org.testng.TestRunner.privateRun(TestRunner.java:808)
	at org.testng.TestRunner.run(TestRunner.java:603)
	at org.testng.SuiteRunner.runTest(SuiteRunner.java:429)
	at org.testng.SuiteRunner.runSequentially(SuiteRunner.java:423)
	at org.testng.SuiteRunner.privateRun(SuiteRunner.java:383)
	at org.testng.SuiteRunner.run(SuiteRunner.java:326)
	at org.testng.SuiteRunnerWorker.runSuite(SuiteRunnerWorker.java:52)
	at org.testng.SuiteRunnerWorker.run(SuiteRunnerWorker.java:95)
	at org.testng.TestNG.runSuitesSequentially(TestNG.java:1249)
	at org.testng.TestNG.runSuitesLocally(TestNG.java:1169)
	at org.testng.TestNG.runSuites(TestNG.java:1092)
	at org.testng.TestNG.run(TestNG.java:1060)
	at org.testng.remote.AbstractRemoteTestNG.run(AbstractRemoteTestNG.java:115)
	at org.testng.remote.RemoteTestNG.initAndRun(RemoteTestNG.java:293)
	at org.testng.remote.RemoteTestNG.main(RemoteTestNG.java:91)
</div></td></tr></table><p class="totop"><a href="#summary">back to summary</a></p>
<h3 id="m1">tests.merchant_tests#WalletMandatoryFieldTest</h3><table class="result"><tr><th>Exception</th></tr><tr><td><div class="stacktrace">java.lang.AssertionError: Wallet Mandatory field are blank - test failed
	at org.testng.Assert.fail(Assert.java:110)
	at teststeps.merchant_actions.WalletMandatoryFieldCheck(merchant_actions.java:786)
	at tests.merchant_tests.WalletMandatoryFieldTest(merchant_tests.java:120)
	at java.base/jdk.internal.reflect.DirectMethodHandleAccessor.invoke(DirectMethodHandleAccessor.java:103)
	at java.base/java.lang.reflect.Method.invoke(Method.java:580)
	at org.testng.internal.invokers.MethodInvocationHelper.invokeMethod(MethodInvocationHelper.java:135)
	at org.testng.internal.invokers.TestInvoker.invokeMethod(TestInvoker.java:673)
	at org.testng.internal.invokers.TestInvoker.invokeTestMethod(TestInvoker.java:220)
	at org.testng.internal.invokers.MethodRunner.runInSequence(MethodRunner.java:50)
	at org.testng.internal.invokers.TestInvoker$MethodInvocationAgent.invoke(TestInvoker.java:945)
	at org.testng.internal.invokers.TestInvoker.invokeTestMethods(TestInvoker.java:193)
	at org.testng.internal.invokers.TestMethodWorker.invokeTestMethods(TestMethodWorker.java:146)
	at org.testng.internal.invokers.TestMethodWorker.run(TestMethodWorker.java:128)
	at java.base/java.util.ArrayList.forEach(ArrayList.java:1597)
	at org.testng.TestRunner.privateRun(TestRunner.java:808)
	at org.testng.TestRunner.run(TestRunner.java:603)
	at org.testng.SuiteRunner.runTest(SuiteRunner.java:429)
	at org.testng.SuiteRunner.runSequentially(SuiteRunner.java:423)
	at org.testng.SuiteRunner.privateRun(SuiteRunner.java:383)
	at org.testng.SuiteRunner.run(SuiteRunner.java:326)
	at org.testng.SuiteRunnerWorker.runSuite(SuiteRunnerWorker.java:52)
	at org.testng.SuiteRunnerWorker.run(SuiteRunnerWorker.java:95)
	at org.testng.TestNG.runSuitesSequentially(TestNG.java:1249)
	at org.testng.TestNG.runSuitesLocally(TestNG.java:1169)
	at org.testng.TestNG.runSuites(TestNG.java:1092)
	at org.testng.TestNG.run(TestNG.java:1060)
	at org.testng.remote.AbstractRemoteTestNG.run(AbstractRemoteTestNG.java:115)
	at org.testng.remote.RemoteTestNG.initAndRun(RemoteTestNG.java:293)
	at org.testng.remote.RemoteTestNG.main(RemoteTestNG.java:91)
</div></td></tr></table><p class="totop"><a href="#summary">back to summary</a></p>
<h3 id="m2">tests.login_tests#InvalidEmail</h3><table class="result"><tr><th class="invisible"/></tr></table><p class="totop"><a href="#summary">back to summary</a></p>
<h3 id="m3">tests.login_tests#Logout</h3><table class="result"><tr><th class="invisible"/></tr></table><p class="totop"><a href="#summary">back to summary</a></p>
<h3 id="m4">tests.login_tests#ResetPassword</h3><table class="result"><tr><th class="invisible"/></tr></table><p class="totop"><a href="#summary">back to summary</a></p>
<h3 id="m5">tests.login_tests#forgotPasswordSuccessfully</h3><table class="result"><tr><th class="invisible"/></tr></table><p class="totop"><a href="#summary">back to summary</a></p>
<h3 id="m6">tests.login_tests#loginSuccessfullyTest</h3><table class="result"><tr><th class="invisible"/></tr></table><p class="totop"><a href="#summary">back to summary</a></p>
<h3 id="m7">tests.login_tests#loginUnsuccessfullyTest1</h3><table class="result"><tr><th class="invisible"/></tr></table><p class="totop"><a href="#summary">back to summary</a></p>
<h3 id="m8">tests.login_tests#loginUnsuccessfullyTest2</h3><table class="result"><tr><th class="invisible"/></tr></table><p class="totop"><a href="#summary">back to summary</a></p>
<h3 id="m9">tests.login_tests#loginUnsuccessfullyTest3</h3><table class="result"><tr><th class="invisible"/></tr></table><p class="totop"><a href="#summary">back to summary</a></p>
<h3 id="m10">tests.login_tests#loginUnsuccessfullyTest4</h3><table class="result"><tr><th class="invisible"/></tr></table><p class="totop"><a href="#summary">back to summary</a></p>
<h3 id="m11">tests.login_tests#loginUnsuccessfullyTest5</h3><table class="result"><tr><th class="invisible"/></tr></table><p class="totop"><a href="#summary">back to summary</a></p>
<h3 id="m12">tests.login_tests#loginUnsuccessfullyTest6</h3><table class="result"><tr><th class="invisible"/></tr></table><p class="totop"><a href="#summary">back to summary</a></p>
<h3 id="m13">tests.login_tests#loginUnsuccessfullyTest7</h3><table class="result"><tr><th class="invisible"/></tr></table><p class="totop"><a href="#summary">back to summary</a></p>
<h3 id="m14">tests.merchant_tests#CalculateCourierPricewithExceedingWeight</h3><table class="result"><tr><th class="invisible"/></tr></table><p class="totop"><a href="#summary">back to summary</a></p>
<h3 id="m15">tests.merchant_tests#CompleteWalletTopup</h3><table class="result"><tr><th class="invisible"/></tr></table><p class="totop"><a href="#summary">back to summary</a></p>
<h3 id="m16">tests.merchant_tests#CreateDomesticShipment</h3><table class="result"><tr><th class="invisible"/></tr></table><p class="totop"><a href="#summary">back to summary</a></p>
<h3 id="m17">tests.merchant_tests#POSRefundButton</h3><table class="result"><tr><th class="invisible"/></tr></table><p class="totop"><a href="#summary">back to summary</a></p>
<h3 id="m18">tests.merchant_tests#POSRefundButtonDisableCase1</h3><table class="result"><tr><th class="invisible"/></tr></table><p class="totop"><a href="#summary">back to summary</a></p>
<h3 id="m19">tests.merchant_tests#POSRefundButtonDisableCase2</h3><table class="result"><tr><th class="invisible"/></tr></table><p class="totop"><a href="#summary">back to summary</a></p>
<h3 id="m20">tests.merchant_tests#SignUpCompany</h3><table class="result"><tr><th class="invisible"/></tr></table><p class="totop"><a href="#summary">back to summary</a></p>
<h3 id="m21">tests.merchant_tests#SignUpIndividual</h3><table class="result"><tr><th class="invisible"/></tr></table><p class="totop"><a href="#summary">back to summary</a></p>
</body>
</html>
